1703347562272	geckodriver	INFO	Listening on 127.0.0.1:56863
1703347575771	geckodriver	INFO	Listening on 127.0.0.1:56917
1703347587656	geckodriver	INFO	Listening on 127.0.0.1:56966
1703347598025	geckodriver	INFO	Listening on 127.0.0.1:57040
1703347610755	geckodriver	INFO	Listening on 127.0.0.1:57062
1703347621395	geckodriver	INFO	Listening on 127.0.0.1:57082
1703347631523	geckodriver	INFO	Listening on 127.0.0.1:57101
1703347640691	geckodriver	INFO	Listening on 127.0.0.1:57114
1703347786023	geckodriver	INFO	Listening on 127.0.0.1:57325
1703347789129	mozrunner::runner	INFO	Running command: "C:\\Program Files\\Mozilla Firefox\\firefox.exe" "--marionette" "--headless" "--enable-automation" "--remot ...  "--remote-allow-hosts" "localhost" "-no-remote" "-profile" "C:\\Users\\OSVALDO\\AppData\\Local\\Temp\\rust_mozprofileyZQXpF"
*** You are running in headless mode.
console.warn: services.settings: Ignoring preference override of remote settings server
console.warn: services.settings: Allow by setting MOZ_REMOTE_SETTINGS_DEVTOOLS=1 in the environment
1703347789814	Marionette	INFO	Marionette enabled
Dynamically enable window occlusion 0
console.error: "Warning: unrecognized command line flag" "-enable-automation"
1703347790104	Marionette	INFO	Listening on port 57333
WebDriver BiDi listening on ws://127.0.0.1:57326
Read port: 57333
1703347790471	RemoteAgent	WARN	TLS certificate errors will be ignored for this session
[GFX1-]: RenderCompositorSWGL failed mapping default framebuffer, no dt
console.error: ({})
DevTools listening on ws://127.0.0.1:57326/devtools/browser/bd7ed117-7790-4a70-a87a-3efd2a202417
console.warn: LoginRecipes: "Falling back to a synchronous message for: https://www.demoblaze.com."
console.warn: LoginRecipes: "Falling back to a synchronous message for: https://www.demoblaze.com."
console.warn: LoginRecipes: "Falling back to a synchronous message for: https://www.demoblaze.com."
console.warn: LoginRecipes: "Falling back to a synchronous message for: https://www.demoblaze.com."
console.warn: LoginRecipes: "Falling back to a synchronous message for: https://www.demoblaze.com."
console.warn: LoginRecipes: "Falling back to a synchronous message for: https://www.demoblaze.com."
1703347800145	Marionette	INFO	Stopped listening on port 57333
JavaScript warning: https://www.demoblaze.com/node_modules/videojs-contrib-hls/dist/videojs-contrib-hls.min.js, line 7: Script terminated by timeout at:
get@https://www.demoblaze.com/node_modules/videojs-contrib-hls/dist/videojs-contrib-hls.min.js:7:21890
value@https://www.demoblaze.com/node_modules/videojs-contrib-hls/dist/videojs-contrib-hls.min.js:3:12542
value@https://www.demoblaze.com/node_modules/videojs-contrib-hls/dist/videojs-contrib-hls.min.js:3:2610
value@https://www.demoblaze.com/node_modules/videojs-contrib-hls/dist/videojs-contrib-hls.min.js:3:2367

Dynamically enable window occlusion 1
1703347814436	geckodriver	INFO	Listening on 127.0.0.1:57383
1703347817451	mozrunner::runner	INFO	Running command: "C:\\Program Files\\Mozilla Firefox\\firefox.exe" "--marionette" "--headless" "--enable-automation" "--remot ...  "--remote-allow-hosts" "localhost" "-no-remote" "-profile" "C:\\Users\\OSVALDO\\AppData\\Local\\Temp\\rust_mozprofilepaSknB"
*** You are running in headless mode.
console.warn: services.settings: Ignoring preference override of remote settings server
console.warn: services.settings: Allow by setting MOZ_REMOTE_SETTINGS_DEVTOOLS=1 in the environment
1703347818512	Marionette	INFO	Marionette enabled
Dynamically enable window occlusion 0
console.error: "Warning: unrecognized command line flag" "-enable-automation"
1703347818622	Marionette	INFO	Listening on port 57391
WebDriver BiDi listening on ws://127.0.0.1:57384
Read port: 57391
1703347819013	RemoteAgent	WARN	TLS certificate errors will be ignored for this session
[GFX1-]: RenderCompositorSWGL failed mapping default framebuffer, no dt
console.error: ({})
DevTools listening on ws://127.0.0.1:57384/devtools/browser/f4a47386-5065-4a5c-9111-3642d7c88de5
console.warn: LoginRecipes: "Falling back to a synchronous message for: https://www.demoblaze.com."
console.warn: LoginRecipes: "Falling back to a synchronous message for: https://www.demoblaze.com."
console.warn: LoginRecipes: "Falling back to a synchronous message for: https://www.demoblaze.com."
console.warn: LoginRecipes: "Falling back to a synchronous message for: https://www.demoblaze.com."
console.warn: LoginRecipes: "Falling back to a synchronous message for: https://www.demoblaze.com."
console.warn: LoginRecipes: "Falling back to a synchronous message for: https://www.demoblaze.com."
1703347827344	Marionette	INFO	Stopped listening on port 57391
JavaScript warning: https://www.demoblaze.com/node_modules/videojs-contrib-hls/dist/videojs-contrib-hls.min.js, line 7: Script terminated by timeout at:
get@https://www.demoblaze.com/node_modules/videojs-contrib-hls/dist/videojs-contrib-hls.min.js:7:21890
value@https://www.demoblaze.com/node_modules/videojs-contrib-hls/dist/videojs-contrib-hls.min.js:3:12542
value@https://www.demoblaze.com/node_modules/videojs-contrib-hls/dist/videojs-contrib-hls.min.js:3:2610
value@https://www.demoblaze.com/node_modules/videojs-contrib-hls/dist/videojs-contrib-hls.min.js:3:2367

Dynamically enable window occlusion 1
1703347837635	geckodriver	INFO	Listening on 127.0.0.1:57445
1703347840684	mozrunner::runner	INFO	Running command: "C:\\Program Files\\Mozilla Firefox\\firefox.exe" "--marionette" "--headless" "--enable-automation" "--remot ...  "--remote-allow-hosts" "localhost" "-no-remote" "-profile" "C:\\Users\\OSVALDO\\AppData\\Local\\Temp\\rust_mozprofileChV1rD"
*** You are running in headless mode.
console.warn: services.settings: Ignoring preference override of remote settings server
console.warn: services.settings: Allow by setting MOZ_REMOTE_SETTINGS_DEVTOOLS=1 in the environment
1703347841451	Marionette	INFO	Marionette enabled
Dynamically enable window occlusion 0
console.error: "Warning: unrecognized command line flag" "-enable-automation"
1703347841542	Marionette	INFO	Listening on port 57454
WebDriver BiDi listening on ws://127.0.0.1:57446
Read port: 57454
1703347841879	RemoteAgent	WARN	TLS certificate errors will be ignored for this session
[GFX1-]: RenderCompositorSWGL failed mapping default framebuffer, no dt
console.error: ({})
DevTools listening on ws://127.0.0.1:57446/devtools/browser/7e12f8ac-7680-46f1-8627-51f94150f2ec
console.warn: LoginRecipes: "Falling back to a synchronous message for: https://www.demoblaze.com."
console.warn: LoginRecipes: "Falling back to a synchronous message for: https://www.demoblaze.com."
console.warn: LoginRecipes: "Falling back to a synchronous message for: https://www.demoblaze.com."
console.warn: LoginRecipes: "Falling back to a synchronous message for: https://www.demoblaze.com."
console.warn: LoginRecipes: "Falling back to a synchronous message for: https://www.demoblaze.com."
console.warn: LoginRecipes: "Falling back to a synchronous message for: https://www.demoblaze.com."
1703347850313	Marionette	INFO	Stopped listening on port 57454
JavaScript warning: https://www.demoblaze.com/node_modules/video.js/dist/video.min.js, line 12: Script terminated by timeout at:
ir.withSourceHandlers/</this[e]@https://www.demoblaze.com/node_modules/video.js/dist/video.min.js:12:94408
value@https://www.demoblaze.com/node_modules/videojs-contrib-hls/dist/videojs-contrib-hls.min.js:2:1600
value@https://www.demoblaze.com/node_modules/videojs-contrib-hls/dist/videojs-contrib-hls.min.js:2:1339

Dynamically enable window occlusion 1
1703347859666	geckodriver	INFO	Listening on 127.0.0.1:57511
1703347862676	mozrunner::runner	INFO	Running command: "C:\\Program Files\\Mozilla Firefox\\firefox.exe" "--marionette" "--headless" "--enable-automation" "--remot ...  "--remote-allow-hosts" "localhost" "-no-remote" "-profile" "C:\\Users\\OSVALDO\\AppData\\Local\\Temp\\rust_mozprofile76vF8u"
*** You are running in headless mode.
console.warn: services.settings: Ignoring preference override of remote settings server
console.warn: services.settings: Allow by setting MOZ_REMOTE_SETTINGS_DEVTOOLS=1 in the environment
1703347863738	Marionette	INFO	Marionette enabled
Dynamically enable window occlusion 0
console.error: "Warning: unrecognized command line flag" "-enable-automation"
1703347863878	Marionette	INFO	Listening on port 57520
WebDriver BiDi listening on ws://127.0.0.1:57512
Read port: 57520
1703347864090	RemoteAgent	WARN	TLS certificate errors will be ignored for this session
[GFX1-]: RenderCompositorSWGL failed mapping default framebuffer, no dt
console.error: ({})
DevTools listening on ws://127.0.0.1:57512/devtools/browser/dd689df1-bab8-47d3-b514-986f94c70e2c
console.warn: LoginRecipes: "Falling back to a synchronous message for: https://www.demoblaze.com."
console.warn: LoginRecipes: "Falling back to a synchronous message for: https://www.demoblaze.com."
console.warn: LoginRecipes: "Falling back to a synchronous message for: https://www.demoblaze.com."
console.warn: LoginRecipes: "Falling back to a synchronous message for: https://www.demoblaze.com."
console.warn: LoginRecipes: "Falling back to a synchronous message for: https://www.demoblaze.com."
console.warn: LoginRecipes: "Falling back to a synchronous message for: https://www.demoblaze.com."
console.warn: LoginRecipes: "Falling back to a synchronous message for: https://www.demoblaze.com."
console.warn: LoginRecipes: "Falling back to a synchronous message for: https://www.demoblaze.com."
console.warn: LoginRecipes: "Falling back to a synchronous message for: https://www.demoblaze.com."
console.warn: LoginRecipes: "Falling back to a synchronous message for: https://www.demoblaze.com."
console.warn: LoginRecipes: "Falling back to a synchronous message for: https://www.demoblaze.com."
console.warn: LoginRecipes: "Falling back to a synchronous message for: https://www.demoblaze.com."
1703347874949	Marionette	INFO	Stopped listening on port 57520
JavaScript warning: https://www.demoblaze.com/node_modules/videojs-contrib-hls/dist/videojs-contrib-hls.min.js, line 7: Script terminated by timeout at:
get@https://www.demoblaze.com/node_modules/videojs-contrib-hls/dist/videojs-contrib-hls.min.js:7:21890
value@https://www.demoblaze.com/node_modules/videojs-contrib-hls/dist/videojs-contrib-hls.min.js:3:12542
value@https://www.demoblaze.com/node_modules/videojs-contrib-hls/dist/videojs-contrib-hls.min.js:3:2610
value@https://www.demoblaze.com/node_modules/videojs-contrib-hls/dist/videojs-contrib-hls.min.js:3:2367

Dynamically enable window occlusion 1
1703347896869	geckodriver	INFO	Listening on 127.0.0.1:57589
1703347899883	mozrunner::runner	INFO	Running command: "C:\\Program Files\\Mozilla Firefox\\firefox.exe" "--marionette" "--headless" "--enable-automation" "--remot ...  "--remote-allow-hosts" "localhost" "-no-remote" "-profile" "C:\\Users\\OSVALDO\\AppData\\Local\\Temp\\rust_mozprofilewhSCX5"
*** You are running in headless mode.
console.warn: services.settings: Ignoring preference override of remote settings server
console.warn: services.settings: Allow by setting MOZ_REMOTE_SETTINGS_DEVTOOLS=1 in the environment
1703347900555	Marionette	INFO	Marionette enabled
Dynamically enable window occlusion 0
console.error: "Warning: unrecognized command line flag" "-enable-automation"
1703347900797	Marionette	INFO	Listening on port 57599
WebDriver BiDi listening on ws://127.0.0.1:57590
Read port: 57599
1703347901334	RemoteAgent	WARN	TLS certificate errors will be ignored for this session
[GFX1-]: RenderCompositorSWGL failed mapping default framebuffer, no dt
console.error: ({})
DevTools listening on ws://127.0.0.1:57590/devtools/browser/d0500244-59c3-4323-82e9-ef36d3ce1963
console.warn: LoginRecipes: "Falling back to a synchronous message for: https://www.demoblaze.com."
console.warn: LoginRecipes: "Falling back to a synchronous message for: https://www.demoblaze.com."
console.warn: LoginRecipes: "Falling back to a synchronous message for: https://www.demoblaze.com."
console.warn: LoginRecipes: "Falling back to a synchronous message for: https://www.demoblaze.com."
console.warn: LoginRecipes: "Falling back to a synchronous message for: https://www.demoblaze.com."
console.warn: LoginRecipes: "Falling back to a synchronous message for: https://www.demoblaze.com."
console.warn: LoginRecipes: "Falling back to a synchronous message for: https://www.demoblaze.com."
console.warn: LoginRecipes: "Falling back to a synchronous message for: https://www.demoblaze.com."
console.warn: LoginRecipes: "Falling back to a synchronous message for: https://www.demoblaze.com."
console.warn: LoginRecipes: "Falling back to a synchronous message for: https://www.demoblaze.com."
console.warn: LoginRecipes: "Falling back to a synchronous message for: https://www.demoblaze.com."
console.warn: LoginRecipes: "Falling back to a synchronous message for: https://www.demoblaze.com."
console.warn: LoginRecipes: "Falling back to a synchronous message for: https://www.demoblaze.com."
console.warn: LoginRecipes: "Falling back to a synchronous message for: https://www.demoblaze.com."
console.warn: LoginRecipes: "Falling back to a synchronous message for: https://www.demoblaze.com."
console.warn: LoginRecipes: "Falling back to a synchronous message for: https://www.demoblaze.com."
console.warn: LoginRecipes: "Falling back to a synchronous message for: https://www.demoblaze.com."
console.warn: LoginRecipes: "Falling back to a synchronous message for: https://www.demoblaze.com."
1703347913508	Marionette	INFO	Stopped listening on port 57599
JavaScript warning: https://www.demoblaze.com/node_modules/video.js/dist/video.min.js, line 12: Script terminated by timeout at:
oe/o.dispatcher@https://www.demoblaze.com/node_modules/video.js/dist/video.min.js:12:9752

Dynamically enable window occlusion 1
